This file contains any messages produced by compilers while
running configure, to aid debugging if configure makes a mistake.

It was created by Codefox configure 0.02, which was
generated by GNU Autoconf 2.69.  Invocation command line was

  $ ./configure --enable-maintainer-mode

## --------- ##
## Platform. ##
## --------- ##

hostname = nirvanan-MS-7758
uname -m = x86_64
uname -r = 3.8.0-31-generic
uname -s = Linux
uname -v = #46-Ubuntu SMP Tue Sep 10 20:03:44 UTC 2013

/usr/bin/uname -p = unknown
/bin/uname -X     = unknown

/bin/arch              = unknown
/usr/bin/arch -k       = unknown
/usr/convex/getsysinfo = unknown
/usr/bin/hostinfo      = unknown
/bin/machine           = unknown
/usr/bin/oslevel       = unknown
/bin/universe          = unknown

PATH: /usr/local/sbin
PATH: /usr/local/bin
PATH: /usr/sbin
PATH: /usr/bin
PATH: /sbin
PATH: /bin
PATH: /usr/games
PATH: /usr/local/games


## ----------- ##
## Core tests. ##
## ----------- ##

configure:2531: checking whether to enable maintainer-specific portions of Makefiles
configure:2540: result: yes
configure:2570: checking for a BSD-compatible install
configure:2638: result: /usr/bin/install -c
configure:2649: checking whether build environment is sane
configure:2699: result: yes
configure:2840: checking for a thread-safe mkdir -p
configure:2879: result: /bin/mkdir -p
configure:2892: checking for gawk
configure:2922: result: no
configure:2892: checking for mawk
configure:2908: found /usr/bin/mawk
configure:2919: result: mawk
configure:2930: checking whether make sets $(MAKE)
configure:2952: result: yes
configure:3018: checking how to create a ustar tar archive
configure:3031: tar --version
tar (GNU tar) 1.26
Copyright (C) 2011 Free Software Foundation, Inc.
License GPLv3+: GNU GPL version 3 or later <http://gnu.org/licenses/gpl.html>.
This is free software: you are free to change and redistribute it.
There is NO WARRANTY, to the extent permitted by law.

Written by John Gilmore and Jay Fenlason.
configure:3034: $? = 0
configure:3074: tardir=conftest.dir && eval tar --format=ustar -chf - "$tardir" >conftest.tar
configure:3077: $? = 0
configure:3081: tar -xf - <conftest.tar
configure:3084: $? = 0
configure:3097: result: gnutar
configure:3119: checking whether make supports nested variables
configure:3136: result: yes
configure:3207: checking for g++
configure:3223: found /usr/bin/g++
configure:3234: result: g++
configure:3261: checking for C++ compiler version
configure:3270: g++ --version >&5
g++ (Ubuntu/Linaro 4.7.3-1ubuntu1) 4.7.3
Copyright (C) 2012 Free Software Foundation, Inc.
This is free software; see the source for copying conditions.  There is NO
warranty; not even for MERCHANTABILITY or FITNESS FOR A PARTICULAR PURPOSE.

configure:3281: $? = 0
configure:3270: g++ -v >&5
Using built-in specs.
COLLECT_GCC=g++
COLLECT_LTO_WRAPPER=/usr/lib/gcc/x86_64-linux-gnu/4.7/lto-wrapper
Target: x86_64-linux-gnu
Configured with: ../src/configure -v --with-pkgversion='Ubuntu/Linaro 4.7.3-1ubuntu1' --with-bugurl=file:///usr/share/doc/gcc-4.7/README.Bugs --enable-languages=c,c++,go,fortran,objc,obj-c++ --prefix=/usr --program-suffix=-4.7 --enable-shared --enable-linker-build-id --libexecdir=/usr/lib --without-included-gettext --enable-threads=posix --with-gxx-include-dir=/usr/include/c++/4.7 --libdir=/usr/lib --enable-nls --with-sysroot=/ --enable-clocale=gnu --enable-libstdcxx-debug --enable-libstdcxx-time=yes --enable-gnu-unique-object --enable-plugin --with-system-zlib --enable-objc-gc --with-cloog --enable-cloog-backend=ppl --disable-cloog-version-check --disable-ppl-version-check --enable-multiarch --disable-werror --with-arch-32=i686 --with-abi=m64 --with-multilib-list=m32,m64,mx32 --with-tune=generic --enable-checking=release --build=x86_64-linux-gnu --host=x86_64-linux-gnu --target=x86_64-linux-gnu
Thread model: posix
gcc version 4.7.3 (Ubuntu/Linaro 4.7.3-1ubuntu1) 
configure:3281: $? = 0
configure:3270: g++ -V >&5
g++: error: unrecognized command line option '-V'
g++: fatal error: no input files
compilation terminated.
configure:3281: $? = 4
configure:3270: g++ -qversion >&5
g++: error: unrecognized command line option '-qversion'
g++: fatal error: no input files
compilation terminated.
configure:3281: $? = 4
configure:3301: checking whether the C++ compiler works
configure:3323: g++    conftest.cpp  >&5
configure:3327: $? = 0
configure:3375: result: yes
configure:3378: checking for C++ compiler default output file name
configure:3380: result: a.out
configure:3386: checking for suffix of executables
configure:3393: g++ -o conftest    conftest.cpp  >&5
configure:3397: $? = 0
configure:3419: result: 
configure:3441: checking whether we are cross compiling
configure:3449: g++ -o conftest    conftest.cpp  >&5
configure:3453: $? = 0
configure:3460: ./conftest
configure:3464: $? = 0
configure:3479: result: no
configure:3484: checking for suffix of object files
configure:3506: g++ -c   conftest.cpp >&5
configure:3510: $? = 0
configure:3531: result: o
configure:3535: checking whether we are using the GNU C++ compiler
configure:3554: g++ -c   conftest.cpp >&5
configure:3554: $? = 0
configure:3563: result: yes
configure:3572: checking whether g++ accepts -g
configure:3592: g++ -c -g  conftest.cpp >&5
configure:3592: $? = 0
configure:3633: result: yes
configure:3667: checking for style of include used by make
configure:3695: result: GNU
configure:3721: checking dependency style of g++
configure:3832: result: gcc3
configure:3895: checking for gcc
configure:3911: found /usr/bin/gcc
configure:3922: result: gcc
configure:4151: checking for C compiler version
configure:4160: gcc --version >&5
gcc (Ubuntu/Linaro 4.7.3-1ubuntu1) 4.7.3
Copyright (C) 2012 Free Software Foundation, Inc.
This is free software; see the source for copying conditions.  There is NO
warranty; not even for MERCHANTABILITY or FITNESS FOR A PARTICULAR PURPOSE.

configure:4171: $? = 0
configure:4160: gcc -v >&5
Using built-in specs.
COLLECT_GCC=gcc
COLLECT_LTO_WRAPPER=/usr/lib/gcc/x86_64-linux-gnu/4.7/lto-wrapper
Target: x86_64-linux-gnu
Configured with: ../src/configure -v --with-pkgversion='Ubuntu/Linaro 4.7.3-1ubuntu1' --with-bugurl=file:///usr/share/doc/gcc-4.7/README.Bugs --enable-languages=c,c++,go,fortran,objc,obj-c++ --prefix=/usr --program-suffix=-4.7 --enable-shared --enable-linker-build-id --libexecdir=/usr/lib --without-included-gettext --enable-threads=posix --with-gxx-include-dir=/usr/include/c++/4.7 --libdir=/usr/lib --enable-nls --with-sysroot=/ --enable-clocale=gnu --enable-libstdcxx-debug --enable-libstdcxx-time=yes --enable-gnu-unique-object --enable-plugin --with-system-zlib --enable-objc-gc --with-cloog --enable-cloog-backend=ppl --disable-cloog-version-check --disable-ppl-version-check --enable-multiarch --disable-werror --with-arch-32=i686 --with-abi=m64 --with-multilib-list=m32,m64,mx32 --with-tune=generic --enable-checking=release --build=x86_64-linux-gnu --host=x86_64-linux-gnu --target=x86_64-linux-gnu
Thread model: posix
gcc version 4.7.3 (Ubuntu/Linaro 4.7.3-1ubuntu1) 
configure:4171: $? = 0
configure:4160: gcc -V >&5
gcc: error: unrecognized command line option '-V'
gcc: fatal error: no input files
compilation terminated.
configure:4171: $? = 4
configure:4160: gcc -qversion >&5
gcc: error: unrecognized command line option '-qversion'
gcc: fatal error: no input files
compilation terminated.
configure:4171: $? = 4
configure:4175: checking whether we are using the GNU C compiler
configure:4194: gcc -c   conftest.c >&5
configure:4194: $? = 0
configure:4203: result: yes
configure:4212: checking whether gcc accepts -g
configure:4232: gcc -c -g  conftest.c >&5
configure:4232: $? = 0
configure:4273: result: yes
configure:4290: checking for gcc option to accept ISO C89
configure:4353: gcc  -c -g -O2  conftest.c >&5
configure:4353: $? = 0
configure:4366: result: none needed
configure:4388: checking dependency style of gcc
configure:4499: result: gcc3
configure:4515: checking whether make sets $(MAKE)
configure:4537: result: yes
configure:4577: checking build system type
configure:4591: result: x86_64-unknown-linux-gnu
configure:4611: checking host system type
configure:4624: result: x86_64-unknown-linux-gnu
configure:4665: checking how to print strings
configure:4692: result: printf
configure:4713: checking for a sed that does not truncate output
configure:4777: result: /bin/sed
configure:4795: checking for grep that handles long lines and -e
configure:4853: result: /bin/grep
configure:4858: checking for egrep
configure:4920: result: /bin/grep -E
configure:4925: checking for fgrep
configure:4987: result: /bin/grep -F
configure:5022: checking for ld used by gcc
configure:5089: result: /usr/bin/ld
configure:5096: checking if the linker (/usr/bin/ld) is GNU ld
configure:5111: result: yes
configure:5123: checking for BSD- or MS-compatible name lister (nm)
configure:5172: result: /usr/bin/nm -B
configure:5302: checking the name lister (/usr/bin/nm -B) interface
configure:5309: gcc -c -g -O2  conftest.c >&5
configure:5312: /usr/bin/nm -B "conftest.o"
configure:5315: output
0000000000000000 B some_variable
configure:5322: result: BSD nm
configure:5325: checking whether ln -s works
configure:5329: result: yes
configure:5337: checking the maximum length of command line arguments
configure:5468: result: 1572864
configure:5485: checking whether the shell understands some XSI constructs
configure:5495: result: yes
configure:5499: checking whether the shell understands "+="
configure:5505: result: yes
configure:5540: checking how to convert x86_64-unknown-linux-gnu file names to x86_64-unknown-linux-gnu format
configure:5580: result: func_convert_file_noop
configure:5587: checking how to convert x86_64-unknown-linux-gnu file names to toolchain format
configure:5607: result: func_convert_file_noop
configure:5614: checking for /usr/bin/ld option to reload object files
configure:5621: result: -r
configure:5695: checking for objdump
configure:5711: found /usr/bin/objdump
configure:5722: result: objdump
configure:5751: checking how to recognize dependent libraries
configure:5949: result: pass_all
configure:6034: checking for dlltool
configure:6064: result: no
configure:6091: checking how to associate runtime and link libraries
configure:6118: result: printf %s\n
configure:6179: checking for ar
configure:6195: found /usr/bin/ar
configure:6206: result: ar
configure:6243: checking for archiver @FILE support
configure:6260: gcc -c -g -O2  conftest.c >&5
configure:6260: $? = 0
configure:6263: ar cru libconftest.a @conftest.lst >&5
configure:6266: $? = 0
configure:6271: ar cru libconftest.a @conftest.lst >&5
ar: conftest.o: No such file or directory
configure:6274: $? = 1
configure:6286: result: @
configure:6344: checking for strip
configure:6360: found /usr/bin/strip
configure:6371: result: strip
configure:6443: checking for ranlib
configure:6459: found /usr/bin/ranlib
configure:6470: result: ranlib
configure:6572: checking command to parse /usr/bin/nm -B output from gcc object
configure:6692: gcc -c -g -O2  conftest.c >&5
configure:6695: $? = 0
configure:6699: /usr/bin/nm -B conftest.o \| sed -n -e 's/^.*[ ]\([ABCDGIRSTW][ABCDGIRSTW]*\)[ ][ ]*\([_A-Za-z][_A-Za-z0-9]*\)$/\1 \2 \2/p' | sed '/ __gnu_lto/d' \> conftest.nm
configure:6702: $? = 0
configure:6768: gcc -o conftest -g -O2   conftest.c conftstm.o >&5
configure:6771: $? = 0
configure:6809: result: ok
configure:6846: checking for sysroot
configure:6876: result: no
configure:6953: gcc -c -g -O2  conftest.c >&5
configure:6956: $? = 0
configure:7139: checking for mt
configure:7155: found /bin/mt
configure:7166: result: mt
configure:7189: checking if mt is a manifest tool
configure:7195: mt '-?'
configure:7203: result: no
configure:7845: checking how to run the C preprocessor
configure:7876: gcc -E  conftest.c
configure:7876: $? = 0
configure:7890: gcc -E  conftest.c
conftest.c:10:28: fatal error: ac_nonexistent.h: No such file or directory
compilation terminated.
configure:7890: $? = 1
configure: failed program was:
| /* confdefs.h */
| #define PACKAGE_NAME "Codefox"
| #define PACKAGE_TARNAME "codefox"
| #define PACKAGE_VERSION "0.02"
| #define PACKAGE_STRING "Codefox 0.02"
| #define PACKAGE_BUGREPORT "nirvanan@live.cn"
| #define PACKAGE_URL ""
| #define ENABLE_BINRELOC /**/
| /* end confdefs.h.  */
| #include <ac_nonexistent.h>
configure:7915: result: gcc -E
configure:7935: gcc -E  conftest.c
configure:7935: $? = 0
configure:7949: gcc -E  conftest.c
conftest.c:10:28: fatal error: ac_nonexistent.h: No such file or directory
compilation terminated.
configure:7949: $? = 1
configure: failed program was:
| /* confdefs.h */
| #define PACKAGE_NAME "Codefox"
| #define PACKAGE_TARNAME "codefox"
| #define PACKAGE_VERSION "0.02"
| #define PACKAGE_STRING "Codefox 0.02"
| #define PACKAGE_BUGREPORT "nirvanan@live.cn"
| #define PACKAGE_URL ""
| #define ENABLE_BINRELOC /**/
| /* end confdefs.h.  */
| #include <ac_nonexistent.h>
configure:7978: checking for ANSI C header files
configure:7998: gcc -c -g -O2  conftest.c >&5
configure:7998: $? = 0
configure:8071: gcc -o conftest -g -O2   conftest.c  >&5
configure:8071: $? = 0
configure:8071: ./conftest
configure:8071: $? = 0
configure:8082: result: yes
configure:8095: checking for sys/types.h
configure:8095: gcc -c -g -O2  conftest.c >&5
configure:8095: $? = 0
configure:8095: result: yes
configure:8095: checking for sys/stat.h
configure:8095: gcc -c -g -O2  conftest.c >&5
configure:8095: $? = 0
configure:8095: result: yes
configure:8095: checking for stdlib.h
configure:8095: gcc -c -g -O2  conftest.c >&5
configure:8095: $? = 0
configure:8095: result: yes
configure:8095: checking for string.h
configure:8095: gcc -c -g -O2  conftest.c >&5
configure:8095: $? = 0
configure:8095: result: yes
configure:8095: checking for memory.h
configure:8095: gcc -c -g -O2  conftest.c >&5
configure:8095: $? = 0
configure:8095: result: yes
configure:8095: checking for strings.h
configure:8095: gcc -c -g -O2  conftest.c >&5
configure:8095: $? = 0
configure:8095: result: yes
configure:8095: checking for inttypes.h
configure:8095: gcc -c -g -O2  conftest.c >&5
configure:8095: $? = 0
configure:8095: result: yes
configure:8095: checking for stdint.h
configure:8095: gcc -c -g -O2  conftest.c >&5
configure:8095: $? = 0
configure:8095: result: yes
configure:8095: checking for unistd.h
configure:8095: gcc -c -g -O2  conftest.c >&5
configure:8095: $? = 0
configure:8095: result: yes
configure:8109: checking for dlfcn.h
configure:8109: gcc -c -g -O2  conftest.c >&5
configure:8109: $? = 0
configure:8109: result: yes
configure:8622: checking for objdir
configure:8637: result: .libs
configure:8908: checking if gcc supports -fno-rtti -fno-exceptions
configure:8926: gcc -c -g -O2  -fno-rtti -fno-exceptions conftest.c >&5
cc1: warning: command line option '-fno-rtti' is valid for C++/ObjC++ but not for C [enabled by default]
configure:8930: $? = 0
configure:8943: result: no
configure:9270: checking for gcc option to produce PIC
configure:9277: result: -fPIC -DPIC
configure:9285: checking if gcc PIC flag -fPIC -DPIC works
configure:9303: gcc -c -g -O2  -fPIC -DPIC -DPIC conftest.c >&5
configure:9307: $? = 0
configure:9320: result: yes
configure:9349: checking if gcc static flag -static works
configure:9377: result: yes
configure:9392: checking if gcc supports -c -o file.o
configure:9413: gcc -c -g -O2  -o out/conftest2.o conftest.c >&5
configure:9417: $? = 0
configure:9439: result: yes
configure:9447: checking if gcc supports -c -o file.o
configure:9494: result: yes
configure:9527: checking whether the gcc linker (/usr/bin/ld -m elf_x86_64) supports shared libraries
configure:10684: result: yes
configure:10721: checking whether -lc should be explicitly linked in
configure:10729: gcc -c -g -O2  conftest.c >&5
configure:10732: $? = 0
configure:10747: gcc -shared  -fPIC -DPIC conftest.o  -v -Wl,-soname -Wl,conftest -o conftest 2\>\&1 \| /bin/grep  -lc  \>/dev/null 2\>\&1
configure:10750: $? = 0
configure:10764: result: no
configure:10924: checking dynamic linker characteristics
configure:11424: gcc -o conftest -g -O2   -Wl,-rpath -Wl,/foo conftest.c  >&5
configure:11424: $? = 0
configure:11658: result: GNU/Linux ld.so
configure:11765: checking how to hardcode library paths into programs
configure:11790: result: immediate
configure:11884: checking for shl_load
configure:11884: gcc -o conftest -g -O2   conftest.c  >&5
/tmp/ccN50E9L.o: In function `main':
/home/nirvanan/codefox/conftest.c:56: undefined reference to `shl_load'
collect2: error: ld returned 1 exit status
configure:11884: $? = 1
configure: failed program was:
| /* confdefs.h */
| #define PACKAGE_NAME "Codefox"
| #define PACKAGE_TARNAME "codefox"
| #define PACKAGE_VERSION "0.02"
| #define PACKAGE_STRING "Codefox 0.02"
| #define PACKAGE_BUGREPORT "nirvanan@live.cn"
| #define PACKAGE_URL ""
| #define ENABLE_BINRELOC /**/
| #define STDC_HEADERS 1
| #define HAVE_SYS_TYPES_H 1
| #define HAVE_SYS_STAT_H 1
| #define HAVE_STDLIB_H 1
| #define HAVE_STRING_H 1
| #define HAVE_MEMORY_H 1
| #define HAVE_STRINGS_H 1
| #define HAVE_INTTYPES_H 1
| #define HAVE_STDINT_H 1
| #define HAVE_UNISTD_H 1
| #define HAVE_DLFCN_H 1
| #define LT_OBJDIR ".libs/"
| /* end confdefs.h.  */
| /* Define shl_load to an innocuous variant, in case <limits.h> declares shl_load.
|    For example, HP-UX 11i <limits.h> declares gettimeofday.  */
| #define shl_load innocuous_shl_load
| 
| /* System header to define __stub macros and hopefully few prototypes,
|     which can conflict with char shl_load (); below.
|     Prefer <limits.h> to <assert.h> if __STDC__ is defined, since
|     <limits.h> exists even on freestanding compilers.  */
| 
| #ifdef __STDC__
| # include <limits.h>
| #else
| # include <assert.h>
| #endif
| 
| #undef shl_load
| 
| /* Override any GCC internal prototype to avoid an error.
|    Use char because int might match the return type of a GCC
|    builtin and then its argument prototype would still apply.  */
| #ifdef __cplusplus
| extern "C"
| #endif
| char shl_load ();
| /* The GNU C library defines this for functions which it implements
|     to always fail with ENOSYS.  Some functions are actually named
|     something starting with __ and the normal name is an alias.  */
| #if defined __stub_shl_load || defined __stub___shl_load
| choke me
| #endif
| 
| int
| main ()
| {
| return shl_load ();
|   ;
|   return 0;
| }
configure:11884: result: no
configure:11888: checking for shl_load in -ldld
configure:11913: gcc -o conftest -g -O2   conftest.c -ldld   >&5
/usr/bin/ld: cannot find -ldld
collect2: error: ld returned 1 exit status
configure:11913: $? = 1
configure: failed program was:
| /* confdefs.h */
| #define PACKAGE_NAME "Codefox"
| #define PACKAGE_TARNAME "codefox"
| #define PACKAGE_VERSION "0.02"
| #define PACKAGE_STRING "Codefox 0.02"
| #define PACKAGE_BUGREPORT "nirvanan@live.cn"
| #define PACKAGE_URL ""
| #define ENABLE_BINRELOC /**/
| #define STDC_HEADERS 1
| #define HAVE_SYS_TYPES_H 1
| #define HAVE_SYS_STAT_H 1
| #define HAVE_STDLIB_H 1
| #define HAVE_STRING_H 1
| #define HAVE_MEMORY_H 1
| #define HAVE_STRINGS_H 1
| #define HAVE_INTTYPES_H 1
| #define HAVE_STDINT_H 1
| #define HAVE_UNISTD_H 1
| #define HAVE_DLFCN_H 1
| #define LT_OBJDIR ".libs/"
| /* end confdefs.h.  */
| 
| /* Override any GCC internal prototype to avoid an error.
|    Use char because int might match the return type of a GCC
|    builtin and then its argument prototype would still apply.  */
| #ifdef __cplusplus
| extern "C"
| #endif
| char shl_load ();
| int
| main ()
| {
| return shl_load ();
|   ;
|   return 0;
| }
configure:11922: result: no
configure:11927: checking for dlopen
configure:11927: gcc -o conftest -g -O2   conftest.c  >&5
/tmp/cclELEhT.o: In function `main':
/home/nirvanan/codefox/conftest.c:56: undefined reference to `dlopen'
collect2: error: ld returned 1 exit status
configure:11927: $? = 1
configure: failed program was:
| /* confdefs.h */
| #define PACKAGE_NAME "Codefox"
| #define PACKAGE_TARNAME "codefox"
| #define PACKAGE_VERSION "0.02"
| #define PACKAGE_STRING "Codefox 0.02"
| #define PACKAGE_BUGREPORT "nirvanan@live.cn"
| #define PACKAGE_URL ""
| #define ENABLE_BINRELOC /**/
| #define STDC_HEADERS 1
| #define HAVE_SYS_TYPES_H 1
| #define HAVE_SYS_STAT_H 1
| #define HAVE_STDLIB_H 1
| #define HAVE_STRING_H 1
| #define HAVE_MEMORY_H 1
| #define HAVE_STRINGS_H 1
| #define HAVE_INTTYPES_H 1
| #define HAVE_STDINT_H 1
| #define HAVE_UNISTD_H 1
| #define HAVE_DLFCN_H 1
| #define LT_OBJDIR ".libs/"
| /* end confdefs.h.  */
| /* Define dlopen to an innocuous variant, in case <limits.h> declares dlopen.
|    For example, HP-UX 11i <limits.h> declares gettimeofday.  */
| #define dlopen innocuous_dlopen
| 
| /* System header to define __stub macros and hopefully few prototypes,
|     which can conflict with char dlopen (); below.
|     Prefer <limits.h> to <assert.h> if __STDC__ is defined, since
|     <limits.h> exists even on freestanding compilers.  */
| 
| #ifdef __STDC__
| # include <limits.h>
| #else
| # include <assert.h>
| #endif
| 
| #undef dlopen
| 
| /* Override any GCC internal prototype to avoid an error.
|    Use char because int might match the return type of a GCC
|    builtin and then its argument prototype would still apply.  */
| #ifdef __cplusplus
| extern "C"
| #endif
| char dlopen ();
| /* The GNU C library defines this for functions which it implements
|     to always fail with ENOSYS.  Some functions are actually named
|     something starting with __ and the normal name is an alias.  */
| #if defined __stub_dlopen || defined __stub___dlopen
| choke me
| #endif
| 
| int
| main ()
| {
| return dlopen ();
|   ;
|   return 0;
| }
configure:11927: result: no
configure:11931: checking for dlopen in -ldl
configure:11956: gcc -o conftest -g -O2   conftest.c -ldl   >&5
configure:11956: $? = 0
configure:11965: result: yes
configure:12084: checking whether a program can dlopen itself
configure:12164: gcc -o conftest -g -O2  -DHAVE_DLFCN_H  -Wl,--export-dynamic conftest.c -ldl  >&5
configure:12167: $? = 0
configure:12185: result: yes
configure:12190: checking whether a statically linked program can dlopen itself
configure:12270: gcc -o conftest -g -O2  -DHAVE_DLFCN_H  -Wl,--export-dynamic -static conftest.c -ldl  >&5
/tmp/cccmt7k4.o: In function `main':
/home/nirvanan/codefox/configure:12249: warning: Using 'dlopen' in statically linked applications requires at runtime the shared libraries from the glibc version used for linking
/usr/bin/ld: dynamic STT_GNU_IFUNC symbol `strcmp' with pointer equality in `/usr/lib/gcc/x86_64-linux-gnu/4.7/../../../x86_64-linux-gnu/libc.a(strcmp.o)' can not be used when making an executable; recompile with -fPIE and relink with -pie
collect2: error: ld returned 1 exit status
configure:12273: $? = 1
configure:12291: result: no
configure:12330: checking whether stripping libraries is possible
configure:12335: result: yes
configure:12370: checking if libtool supports shared libraries
configure:12372: result: yes
configure:12375: checking whether to build shared libraries
configure:12396: result: yes
configure:12399: checking whether to build static libraries
configure:12403: result: no
configure:12426: checking how to run the C++ preprocessor
configure:12453: g++ -E  conftest.cpp
configure:12453: $? = 0
configure:12467: g++ -E  conftest.cpp
conftest.cpp:22:28: fatal error: ac_nonexistent.h: No such file or directory
compilation terminated.
configure:12467: $? = 1
configure: failed program was:
| /* confdefs.h */
| #define PACKAGE_NAME "Codefox"
| #define PACKAGE_TARNAME "codefox"
| #define PACKAGE_VERSION "0.02"
| #define PACKAGE_STRING "Codefox 0.02"
| #define PACKAGE_BUGREPORT "nirvanan@live.cn"
| #define PACKAGE_URL ""
| #define ENABLE_BINRELOC /**/
| #define STDC_HEADERS 1
| #define HAVE_SYS_TYPES_H 1
| #define HAVE_SYS_STAT_H 1
| #define HAVE_STDLIB_H 1
| #define HAVE_STRING_H 1
| #define HAVE_MEMORY_H 1
| #define HAVE_STRINGS_H 1
| #define HAVE_INTTYPES_H 1
| #define HAVE_STDINT_H 1
| #define HAVE_UNISTD_H 1
| #define HAVE_DLFCN_H 1
| #define LT_OBJDIR ".libs/"
| /* end confdefs.h.  */
| #include <ac_nonexistent.h>
configure:12492: result: g++ -E
configure:12512: g++ -E  conftest.cpp
configure:12512: $? = 0
configure:12526: g++ -E  conftest.cpp
conftest.cpp:22:28: fatal error: ac_nonexistent.h: No such file or directory
compilation terminated.
configure:12526: $? = 1
configure: failed program was:
| /* confdefs.h */
| #define PACKAGE_NAME "Codefox"
| #define PACKAGE_TARNAME "codefox"
| #define PACKAGE_VERSION "0.02"
| #define PACKAGE_STRING "Codefox 0.02"
| #define PACKAGE_BUGREPORT "nirvanan@live.cn"
| #define PACKAGE_URL ""
| #define ENABLE_BINRELOC /**/
| #define STDC_HEADERS 1
| #define HAVE_SYS_TYPES_H 1
| #define HAVE_SYS_STAT_H 1
| #define HAVE_STDLIB_H 1
| #define HAVE_STRING_H 1
| #define HAVE_MEMORY_H 1
| #define HAVE_STRINGS_H 1
| #define HAVE_INTTYPES_H 1
| #define HAVE_STDINT_H 1
| #define HAVE_UNISTD_H 1
| #define HAVE_DLFCN_H 1
| #define LT_OBJDIR ".libs/"
| /* end confdefs.h.  */
| #include <ac_nonexistent.h>
configure:12695: checking for ld used by g++
configure:12762: result: /usr/bin/ld -m elf_x86_64
configure:12769: checking if the linker (/usr/bin/ld -m elf_x86_64) is GNU ld
configure:12784: result: yes
configure:12839: checking whether the g++ linker (/usr/bin/ld -m elf_x86_64) supports shared libraries
configure:13841: result: yes
configure:13877: g++ -c -g -O2  conftest.cpp >&5
configure:13880: $? = 0
configure:14400: checking for g++ option to produce PIC
configure:14407: result: -fPIC -DPIC
configure:14415: checking if g++ PIC flag -fPIC -DPIC works
configure:14433: g++ -c -g -O2  -fPIC -DPIC -DPIC conftest.cpp >&5
configure:14437: $? = 0
configure:14450: result: yes
configure:14473: checking if g++ static flag -static works
configure:14501: result: yes
configure:14513: checking if g++ supports -c -o file.o
configure:14534: g++ -c -g -O2  -o out/conftest2.o conftest.cpp >&5
configure:14538: $? = 0
configure:14560: result: yes
configure:14565: checking if g++ supports -c -o file.o
configure:14612: result: yes
configure:14642: checking whether the g++ linker (/usr/bin/ld -m elf_x86_64) supports shared libraries
configure:14681: result: yes
configure:14822: checking dynamic linker characteristics
configure:15490: result: GNU/Linux ld.so
configure:15543: checking how to hardcode library paths into programs
configure:15568: result: immediate
configure:15696: checking for pkg-config
configure:15714: found /usr/bin/pkg-config
configure:15726: result: /usr/bin/pkg-config
configure:15751: checking pkg-config is at least version 0.16
configure:15754: result: yes
configure:15917: checking for pkg-config
configure:15947: result: /usr/bin/pkg-config
configure:15972: checking pkg-config is at least version 0.9.0
configure:15975: result: yes
configure:16018: checking whether gcc understands -Wno-sign-compare
configure:16031: gcc -c -Wall -Wmissing-prototypes -Wnested-externs -Wpointer-arith -g -O2 -Wno-sign-compare  conftest.c >&5
configure:16031: $? = 0
configure:16038: result: yes
configure:16056: checking what warning flags to pass to the C compiler
configure:16058: result: -Wall -Wmissing-prototypes -Wnested-externs -Wpointer-arith -Wno-sign-compare
configure:16069: checking what language compliance flags to pass to the C compiler
configure:16084: result: 
configure:16094: checking for GTK
configure:16103: $PKG_CONFIG --exists --print-errors "
  gtk+-3.0 >= 3.2.0
"
configure:16108: $? = 0
configure:16126: $PKG_CONFIG --exists --print-errors "
  gtk+-3.0 >= 3.2.0
"
configure:16131: $? = 0
configure:16197: result: yes
configure:16206: checking for stdlib.h
configure:16206: result: yes
configure:16206: checking for string.h
configure:16206: result: yes
configure:16206: checking for unistd.h
configure:16206: result: yes
configure:16206: checking time.h usability
configure:16206: gcc -c -g -O2  conftest.c >&5
configure:16206: $? = 0
configure:16206: result: yes
configure:16206: checking time.h presence
configure:16206: gcc -E  conftest.c
configure:16206: $? = 0
configure:16206: result: yes
configure:16206: checking for time.h
configure:16206: result: yes
configure:16218: checking for pid_t
configure:16218: gcc -c -g -O2  conftest.c >&5
configure:16218: $? = 0
configure:16218: gcc -c -g -O2  conftest.c >&5
conftest.c: In function 'main':
conftest.c:62:20: error: expected expression before ')' token
configure:16218: $? = 1
configure: failed program was:
| /* confdefs.h */
| #define PACKAGE_NAME "Codefox"
| #define PACKAGE_TARNAME "codefox"
| #define PACKAGE_VERSION "0.02"
| #define PACKAGE_STRING "Codefox 0.02"
| #define PACKAGE_BUGREPORT "nirvanan@live.cn"
| #define PACKAGE_URL ""
| #define ENABLE_BINRELOC /**/
| #define STDC_HEADERS 1
| #define HAVE_SYS_TYPES_H 1
| #define HAVE_SYS_STAT_H 1
| #define HAVE_STDLIB_H 1
| #define HAVE_STRING_H 1
| #define HAVE_MEMORY_H 1
| #define HAVE_STRINGS_H 1
| #define HAVE_INTTYPES_H 1
| #define HAVE_STDINT_H 1
| #define HAVE_UNISTD_H 1
| #define HAVE_DLFCN_H 1
| #define LT_OBJDIR ".libs/"
| #define HAVE_STDLIB_H 1
| #define HAVE_STRING_H 1
| #define HAVE_UNISTD_H 1
| #define HAVE_TIME_H 1
| /* end confdefs.h.  */
| #include <stdio.h>
| #ifdef HAVE_SYS_TYPES_H
| # include <sys/types.h>
| #endif
| #ifdef HAVE_SYS_STAT_H
| # include <sys/stat.h>
| #endif
| #ifdef STDC_HEADERS
| # include <stdlib.h>
| # include <stddef.h>
| #else
| # ifdef HAVE_STDLIB_H
| #  include <stdlib.h>
| # endif
| #endif
| #ifdef HAVE_STRING_H
| # if !defined STDC_HEADERS && defined HAVE_MEMORY_H
| #  include <memory.h>
| # endif
| # include <string.h>
| #endif
| #ifdef HAVE_STRINGS_H
| # include <strings.h>
| #endif
| #ifdef HAVE_INTTYPES_H
| # include <inttypes.h>
| #endif
| #ifdef HAVE_STDINT_H
| # include <stdint.h>
| #endif
| #ifdef HAVE_UNISTD_H
| # include <unistd.h>
| #endif
| int
| main ()
| {
| if (sizeof ((pid_t)))
| 	    return 0;
|   ;
|   return 0;
| }
configure:16218: result: yes
configure:16229: checking for time_t
configure:16229: gcc -c -g -O2  conftest.c >&5
configure:16229: $? = 0
configure:16229: gcc -c -g -O2  conftest.c >&5
conftest.c: In function 'main':
conftest.c:62:21: error: expected expression before ')' token
configure:16229: $? = 1
configure: failed program was:
| /* confdefs.h */
| #define PACKAGE_NAME "Codefox"
| #define PACKAGE_TARNAME "codefox"
| #define PACKAGE_VERSION "0.02"
| #define PACKAGE_STRING "Codefox 0.02"
| #define PACKAGE_BUGREPORT "nirvanan@live.cn"
| #define PACKAGE_URL ""
| #define ENABLE_BINRELOC /**/
| #define STDC_HEADERS 1
| #define HAVE_SYS_TYPES_H 1
| #define HAVE_SYS_STAT_H 1
| #define HAVE_STDLIB_H 1
| #define HAVE_STRING_H 1
| #define HAVE_MEMORY_H 1
| #define HAVE_STRINGS_H 1
| #define HAVE_INTTYPES_H 1
| #define HAVE_STDINT_H 1
| #define HAVE_UNISTD_H 1
| #define HAVE_DLFCN_H 1
| #define LT_OBJDIR ".libs/"
| #define HAVE_STDLIB_H 1
| #define HAVE_STRING_H 1
| #define HAVE_UNISTD_H 1
| #define HAVE_TIME_H 1
| /* end confdefs.h.  */
| #include <stdio.h>
| #ifdef HAVE_SYS_TYPES_H
| # include <sys/types.h>
| #endif
| #ifdef HAVE_SYS_STAT_H
| # include <sys/stat.h>
| #endif
| #ifdef STDC_HEADERS
| # include <stdlib.h>
| # include <stddef.h>
| #else
| # ifdef HAVE_STDLIB_H
| #  include <stdlib.h>
| # endif
| #endif
| #ifdef HAVE_STRING_H
| # if !defined STDC_HEADERS && defined HAVE_MEMORY_H
| #  include <memory.h>
| # endif
| # include <string.h>
| #endif
| #ifdef HAVE_STRINGS_H
| # include <strings.h>
| #endif
| #ifdef HAVE_INTTYPES_H
| # include <inttypes.h>
| #endif
| #ifdef HAVE_STDINT_H
| # include <stdint.h>
| #endif
| #ifdef HAVE_UNISTD_H
| # include <unistd.h>
| #endif
| int
| main ()
| {
| if (sizeof ((time_t)))
| 	    return 0;
|   ;
|   return 0;
| }
configure:16229: result: yes
configure:16238: checking whether NLS is requested
configure:16247: result: yes
configure:16265: checking for intltool >= 0.41.0
configure:16267: result: 0.50.2 found
configure:16275: checking for intltool-update
configure:16293: found /usr/bin/intltool-update
configure:16305: result: /usr/bin/intltool-update
configure:16315: checking for intltool-merge
configure:16333: found /usr/bin/intltool-merge
configure:16345: result: /usr/bin/intltool-merge
configure:16355: checking for intltool-extract
configure:16373: found /usr/bin/intltool-extract
configure:16385: result: /usr/bin/intltool-extract
configure:16539: checking for xgettext
configure:16557: found /usr/bin/xgettext
configure:16569: result: /usr/bin/xgettext
configure:16579: checking for msgmerge
configure:16597: found /usr/bin/msgmerge
configure:16609: result: /usr/bin/msgmerge
configure:16619: checking for msgfmt
configure:16637: found /usr/bin/msgfmt
configure:16649: result: /usr/bin/msgfmt
configure:16659: checking for gmsgfmt
configure:16690: result: /usr/bin/msgfmt
configure:16710: checking for perl
configure:16728: found /usr/bin/perl
configure:16740: result: /usr/bin/perl
configure:16751: checking for perl >= 5.8.1
configure:16758: result: 5.14.2
configure:16762: checking for XML::Parser
configure:16765: result: ok
configure:16790: gcc -o conftest -g -O2   conftest.c  >&5
configure:16790: $? = 0
configure:16819: checking for glib-mkenums
configure:16837: found /usr/bin/glib-mkenums
configure:16849: result: /usr/bin/glib-mkenums
configure:16879: checking for pkg-config
configure:16910: result: /usr/bin/pkg-config
configure:16932: checking for GTK+ - version >= 3.0.0
configure:17042: gcc -o conftest -g -O2 -pthread -I/usr/include/gtk-3.0 -I/usr/include/atk-1.0 -I/usr/include/at-spi2-atk/2.0 -I/usr/include/pango-1.0 -I/usr/include/gio-unix-2.0/ -I/usr/include/cairo -I/usr/include/gdk-pixbuf-2.0 -I/usr/include/glib-2.0 -I/usr/lib/x86_64-linux-gnu/glib-2.0/include -I/usr/include/harfbuzz -I/usr/include/freetype2 -I/usr/include/pixman-1 -I/usr/include/libpng12     conftest.c -lgtk-3 -lgdk-3 -latk-1.0 -lgio-2.0 -lpangocairo-1.0 -lgdk_pixbuf-2.0 -lcairo-gobject -lpango-1.0 -lcairo -lgobject-2.0 -lglib-2.0    >&5
configure:17042: $? = 0
configure:17042: ./conftest
configure:17042: $? = 0
configure:17056: result: yes (version 3.6.4)
configure:17155: checking for msgfmt
configure:17187: result: /usr/bin/msgfmt
configure:17196: checking for gmsgfmt
configure:17227: result: /usr/bin/msgfmt
configure:17278: checking for xgettext
configure:17310: result: /usr/bin/xgettext
configure:17356: checking for msgmerge
configure:17387: result: /usr/bin/msgmerge
configure:17444: checking for ld used by GCC
configure:17508: result: /usr/bin/ld -m elf_x86_64
configure:17515: checking if the linker (/usr/bin/ld -m elf_x86_64) is GNU ld
configure:17528: result: yes
configure:17535: checking for shared library run path origin
configure:17548: result: done
configure:18049: checking for CFPreferencesCopyAppValue
configure:18067: gcc -o conftest -g -O2   conftest.c  -Wl,-framework -Wl,CoreFoundation >&5
conftest.c:26:42: fatal error: CoreFoundation/CFPreferences.h: No such file or directory
compilation terminated.
configure:18067: $? = 1
configure: failed program was:
| /* confdefs.h */
| #define PACKAGE_NAME "Codefox"
| #define PACKAGE_TARNAME "codefox"
| #define PACKAGE_VERSION "0.02"
| #define PACKAGE_STRING "Codefox 0.02"
| #define PACKAGE_BUGREPORT "nirvanan@live.cn"
| #define PACKAGE_URL ""
| #define ENABLE_BINRELOC /**/
| #define STDC_HEADERS 1
| #define HAVE_SYS_TYPES_H 1
| #define HAVE_SYS_STAT_H 1
| #define HAVE_STDLIB_H 1
| #define HAVE_STRING_H 1
| #define HAVE_MEMORY_H 1
| #define HAVE_STRINGS_H 1
| #define HAVE_INTTYPES_H 1
| #define HAVE_STDINT_H 1
| #define HAVE_UNISTD_H 1
| #define HAVE_DLFCN_H 1
| #define LT_OBJDIR ".libs/"
| #define HAVE_STDLIB_H 1
| #define HAVE_STRING_H 1
| #define HAVE_UNISTD_H 1
| #define HAVE_TIME_H 1
| /* end confdefs.h.  */
| #include <CoreFoundation/CFPreferences.h>
| int
| main ()
| {
| CFPreferencesCopyAppValue(NULL, NULL)
|   ;
|   return 0;
| }
configure:18076: result: no
configure:18083: checking for CFLocaleCopyCurrent
configure:18101: gcc -o conftest -g -O2   conftest.c  -Wl,-framework -Wl,CoreFoundation >&5
conftest.c:26:37: fatal error: CoreFoundation/CFLocale.h: No such file or directory
compilation terminated.
configure:18101: $? = 1
configure: failed program was:
| /* confdefs.h */
| #define PACKAGE_NAME "Codefox"
| #define PACKAGE_TARNAME "codefox"
| #define PACKAGE_VERSION "0.02"
| #define PACKAGE_STRING "Codefox 0.02"
| #define PACKAGE_BUGREPORT "nirvanan@live.cn"
| #define PACKAGE_URL ""
| #define ENABLE_BINRELOC /**/
| #define STDC_HEADERS 1
| #define HAVE_SYS_TYPES_H 1
| #define HAVE_SYS_STAT_H 1
| #define HAVE_STDLIB_H 1
| #define HAVE_STRING_H 1
| #define HAVE_MEMORY_H 1
| #define HAVE_STRINGS_H 1
| #define HAVE_INTTYPES_H 1
| #define HAVE_STDINT_H 1
| #define HAVE_UNISTD_H 1
| #define HAVE_DLFCN_H 1
| #define LT_OBJDIR ".libs/"
| #define HAVE_STDLIB_H 1
| #define HAVE_STRING_H 1
| #define HAVE_UNISTD_H 1
| #define HAVE_TIME_H 1
| /* end confdefs.h.  */
| #include <CoreFoundation/CFLocale.h>
| int
| main ()
| {
| CFLocaleCopyCurrent();
|   ;
|   return 0;
| }
configure:18110: result: no
configure:18159: checking for GNU gettext in libc
configure:18179: gcc -o conftest -g -O2   conftest.c  >&5
configure:18179: $? = 0
configure:18188: result: yes
configure:18934: checking whether to use NLS
configure:18936: result: yes
configure:18939: checking where the gettext function comes from
configure:18950: result: libc
configure:19019: checking vfork.h usability
configure:19019: gcc -c -g -O2  conftest.c >&5
conftest.c:63:19: fatal error: vfork.h: No such file or directory
compilation terminated.
configure:19019: $? = 1
configure: failed program was:
| /* confdefs.h */
| #define PACKAGE_NAME "Codefox"
| #define PACKAGE_TARNAME "codefox"
| #define PACKAGE_VERSION "0.02"
| #define PACKAGE_STRING "Codefox 0.02"
| #define PACKAGE_BUGREPORT "nirvanan@live.cn"
| #define PACKAGE_URL ""
| #define ENABLE_BINRELOC /**/
| #define STDC_HEADERS 1
| #define HAVE_SYS_TYPES_H 1
| #define HAVE_SYS_STAT_H 1
| #define HAVE_STDLIB_H 1
| #define HAVE_STRING_H 1
| #define HAVE_MEMORY_H 1
| #define HAVE_STRINGS_H 1
| #define HAVE_INTTYPES_H 1
| #define HAVE_STDINT_H 1
| #define HAVE_UNISTD_H 1
| #define HAVE_DLFCN_H 1
| #define LT_OBJDIR ".libs/"
| #define HAVE_STDLIB_H 1
| #define HAVE_STRING_H 1
| #define HAVE_UNISTD_H 1
| #define HAVE_TIME_H 1
| #define ENABLE_NLS 1
| #define HAVE_GETTEXT 1
| #define HAVE_DCGETTEXT 1
| #define GETTEXT_PACKAGE "codefox"
| /* end confdefs.h.  */
| #include <stdio.h>
| #ifdef HAVE_SYS_TYPES_H
| # include <sys/types.h>
| #endif
| #ifdef HAVE_SYS_STAT_H
| # include <sys/stat.h>
| #endif
| #ifdef STDC_HEADERS
| # include <stdlib.h>
| # include <stddef.h>
| #else
| # ifdef HAVE_STDLIB_H
| #  include <stdlib.h>
| # endif
| #endif
| #ifdef HAVE_STRING_H
| # if !defined STDC_HEADERS && defined HAVE_MEMORY_H
| #  include <memory.h>
| # endif
| # include <string.h>
| #endif
| #ifdef HAVE_STRINGS_H
| # include <strings.h>
| #endif
| #ifdef HAVE_INTTYPES_H
| # include <inttypes.h>
| #endif
| #ifdef HAVE_STDINT_H
| # include <stdint.h>
| #endif
| #ifdef HAVE_UNISTD_H
| # include <unistd.h>
| #endif
| #include <vfork.h>
configure:19019: result: no
configure:19019: checking vfork.h presence
configure:19019: gcc -E  conftest.c
conftest.c:30:19: fatal error: vfork.h: No such file or directory
compilation terminated.
configure:19019: $? = 1
configure: failed program was:
| /* confdefs.h */
| #define PACKAGE_NAME "Codefox"
| #define PACKAGE_TARNAME "codefox"
| #define PACKAGE_VERSION "0.02"
| #define PACKAGE_STRING "Codefox 0.02"
| #define PACKAGE_BUGREPORT "nirvanan@live.cn"
| #define PACKAGE_URL ""
| #define ENABLE_BINRELOC /**/
| #define STDC_HEADERS 1
| #define HAVE_SYS_TYPES_H 1
| #define HAVE_SYS_STAT_H 1
| #define HAVE_STDLIB_H 1
| #define HAVE_STRING_H 1
| #define HAVE_MEMORY_H 1
| #define HAVE_STRINGS_H 1
| #define HAVE_INTTYPES_H 1
| #define HAVE_STDINT_H 1
| #define HAVE_UNISTD_H 1
| #define HAVE_DLFCN_H 1
| #define LT_OBJDIR ".libs/"
| #define HAVE_STDLIB_H 1
| #define HAVE_STRING_H 1
| #define HAVE_UNISTD_H 1
| #define HAVE_TIME_H 1
| #define ENABLE_NLS 1
| #define HAVE_GETTEXT 1
| #define HAVE_DCGETTEXT 1
| #define GETTEXT_PACKAGE "codefox"
| /* end confdefs.h.  */
| #include <vfork.h>
configure:19019: result: no
configure:19019: checking for vfork.h
configure:19019: result: no
configure:19032: checking for fork
configure:19032: gcc -o conftest -g -O2   conftest.c  >&5
conftest.c:53:6: warning: conflicting types for built-in function 'fork' [enabled by default]
configure:19032: $? = 0
configure:19032: result: yes
configure:19032: checking for vfork
configure:19032: gcc -o conftest -g -O2   conftest.c  >&5
configure:19032: $? = 0
configure:19032: result: yes
configure:19042: checking for working fork
configure:19064: gcc -o conftest -g -O2   conftest.c  >&5
configure:19064: $? = 0
configure:19064: ./conftest
configure:19064: $? = 0
configure:19074: result: yes
configure:19095: checking for working vfork
configure:19205: result: yes
configure:19232: checking for dup2
configure:19232: gcc -o conftest -g -O2   conftest.c  >&5
configure:19232: $? = 0
configure:19232: result: yes
configure:19387: creating ./config.status

## ---------------------- ##
## Running config.status. ##
## ---------------------- ##

This file was extended by Codefox config.status 0.02, which was
generated by GNU Autoconf 2.69.  Invocation command line was

  CONFIG_FILES    = 
  CONFIG_HEADERS  = 
  CONFIG_LINKS    = 
  CONFIG_COMMANDS = 
  $ ./config.status 

on nirvanan-MS-7758

config.status:1305: creating Makefile
config.status:1305: creating src/Makefile
config.status:1305: creating icons/Makefile
config.status:1305: creating icons/16x16/Makefile
config.status:1305: creating icons/24x24/Makefile
config.status:1305: creating icons/32x32/Makefile
config.status:1305: creating icons/48x48/Makefile
config.status:1305: creating icons/scalable/Makefile
config.status:1305: creating po/Makefile.in
config.status:1305: creating template/Makefile
config.status:1305: creating template/codefox.ui
config.status:1305: creating data/Makefile
config.status:1305: creating data/codefox.pc
config.status:1305: creating data/codefox.appdata.xml
config.status:1305: creating config.h
config.status:1486: config.h is unchanged
config.status:1534: executing depfiles commands
config.status:1534: executing libtool commands
config.status:1534: executing po-directories commands
config.status:1534: executing po/stamp-it commands

## ---------------- ##
## Cache variables. ##
## ---------------- ##

ac_cv_build=x86_64-unknown-linux-gnu
ac_cv_c_compiler_gnu=yes
ac_cv_cxx_compiler_gnu=yes
ac_cv_env_CCC_set=
ac_cv_env_CCC_value=
ac_cv_env_CC_set=
ac_cv_env_CC_value=
ac_cv_env_CFLAGS_set=
ac_cv_env_CFLAGS_value=
ac_cv_env_CPPFLAGS_set=
ac_cv_env_CPPFLAGS_value=
ac_cv_env_CPP_set=
ac_cv_env_CPP_value=
ac_cv_env_CXXCPP_set=
ac_cv_env_CXXCPP_value=
ac_cv_env_CXXFLAGS_set=
ac_cv_env_CXXFLAGS_value=
ac_cv_env_CXX_set=
ac_cv_env_CXX_value=
ac_cv_env_GTK_CFLAGS_set=
ac_cv_env_GTK_CFLAGS_value=
ac_cv_env_GTK_LIBS_set=
ac_cv_env_GTK_LIBS_value=
ac_cv_env_LDFLAGS_set=
ac_cv_env_LDFLAGS_value=
ac_cv_env_LIBS_set=
ac_cv_env_LIBS_value=
ac_cv_env_PKG_CONFIG_LIBDIR_set=
ac_cv_env_PKG_CONFIG_LIBDIR_value=
ac_cv_env_PKG_CONFIG_PATH_set=
ac_cv_env_PKG_CONFIG_PATH_value=
ac_cv_env_PKG_CONFIG_set=
ac_cv_env_PKG_CONFIG_value=
ac_cv_env_build_alias_set=
ac_cv_env_build_alias_value=
ac_cv_env_host_alias_set=
ac_cv_env_host_alias_value=
ac_cv_env_target_alias_set=
ac_cv_env_target_alias_value=
ac_cv_func_dlopen=no
ac_cv_func_dup2=yes
ac_cv_func_fork=yes
ac_cv_func_fork_works=yes
ac_cv_func_shl_load=no
ac_cv_func_vfork=yes
ac_cv_func_vfork_works=yes
ac_cv_header_dlfcn_h=yes
ac_cv_header_inttypes_h=yes
ac_cv_header_memory_h=yes
ac_cv_header_stdc=yes
ac_cv_header_stdint_h=yes
ac_cv_header_stdlib_h=yes
ac_cv_header_string_h=yes
ac_cv_header_strings_h=yes
ac_cv_header_sys_stat_h=yes
ac_cv_header_sys_types_h=yes
ac_cv_header_time_h=yes
ac_cv_header_unistd_h=yes
ac_cv_header_vfork_h=no
ac_cv_host=x86_64-unknown-linux-gnu
ac_cv_lib_dl_dlopen=yes
ac_cv_lib_dld_shl_load=no
ac_cv_objext=o
ac_cv_path_EGREP='/bin/grep -E'
ac_cv_path_FGREP='/bin/grep -F'
ac_cv_path_GLIB_MKENUMS=/usr/bin/glib-mkenums
ac_cv_path_GMSGFMT=/usr/bin/msgfmt
ac_cv_path_GREP=/bin/grep
ac_cv_path_INTLTOOL_EXTRACT=/usr/bin/intltool-extract
ac_cv_path_INTLTOOL_MERGE=/usr/bin/intltool-merge
ac_cv_path_INTLTOOL_PERL=/usr/bin/perl
ac_cv_path_INTLTOOL_UPDATE=/usr/bin/intltool-update
ac_cv_path_MSGFMT=/usr/bin/msgfmt
ac_cv_path_MSGMERGE=/usr/bin/msgmerge
ac_cv_path_PKG_CONFIG=/usr/bin/pkg-config
ac_cv_path_SED=/bin/sed
ac_cv_path_XGETTEXT=/usr/bin/xgettext
ac_cv_path_ac_pt_PKG_CONFIG=/usr/bin/pkg-config
ac_cv_path_install='/usr/bin/install -c'
ac_cv_path_mkdir=/bin/mkdir
ac_cv_prog_AWK=mawk
ac_cv_prog_CPP='gcc -E'
ac_cv_prog_CXXCPP='g++ -E'
ac_cv_prog_ac_ct_AR=ar
ac_cv_prog_ac_ct_CC=gcc
ac_cv_prog_ac_ct_CXX=g++
ac_cv_prog_ac_ct_MANIFEST_TOOL=mt
ac_cv_prog_ac_ct_OBJDUMP=objdump
ac_cv_prog_ac_ct_RANLIB=ranlib
ac_cv_prog_ac_ct_STRIP=strip
ac_cv_prog_cc_c89=
ac_cv_prog_cc_g=yes
ac_cv_prog_cxx_g=yes
ac_cv_prog_make_make_set=yes
ac_cv_type_pid_t=yes
ac_cv_type_time_t=yes
acl_cv_hardcode_direct=no
acl_cv_hardcode_libdir_flag_spec='${wl}-rpath ${wl}$libdir'
acl_cv_hardcode_libdir_separator=
acl_cv_hardcode_minus_L=no
acl_cv_libext=a
acl_cv_libname_spec='lib$name'
acl_cv_library_names_spec='$libname$shrext'
acl_cv_path_LD='/usr/bin/ld -m elf_x86_64'
acl_cv_prog_gnu_ld=yes
acl_cv_rpath=done
acl_cv_shlibext=so
acl_cv_wl=-Wl,
am_cv_CC_dependencies_compiler_type=gcc3
am_cv_CXX_dependencies_compiler_type=gcc3
am_cv_make_support_nested_variables=yes
am_cv_prog_tar_ustar=gnutar
gt_cv_func_CFLocaleCopyCurrent=no
gt_cv_func_CFPreferencesCopyAppValue=no
gt_cv_func_gnugettext1_libc=yes
lt_cv_ar_at_file=@
lt_cv_archive_cmds_need_lc=no
lt_cv_deplibs_check_method=pass_all
lt_cv_dlopen=dlopen
lt_cv_dlopen_libs=-ldl
lt_cv_dlopen_self=yes
lt_cv_dlopen_self_static=no
lt_cv_file_magic_cmd='$MAGIC_CMD'
lt_cv_file_magic_test_file=
lt_cv_ld_reload_flag=-r
lt_cv_nm_interface='BSD nm'
lt_cv_objdir=.libs
lt_cv_path_LD=/usr/bin/ld
lt_cv_path_LDCXX='/usr/bin/ld -m elf_x86_64'
lt_cv_path_NM='/usr/bin/nm -B'
lt_cv_path_mainfest_tool=no
lt_cv_prog_compiler_c_o=yes
lt_cv_prog_compiler_c_o_CXX=yes
lt_cv_prog_compiler_pic='-fPIC -DPIC'
lt_cv_prog_compiler_pic_CXX='-fPIC -DPIC'
lt_cv_prog_compiler_pic_works=yes
lt_cv_prog_compiler_pic_works_CXX=yes
lt_cv_prog_compiler_rtti_exceptions=no
lt_cv_prog_compiler_static_works=yes
lt_cv_prog_compiler_static_works_CXX=yes
lt_cv_prog_gnu_ld=yes
lt_cv_prog_gnu_ldcxx=yes
lt_cv_sharedlib_from_linklib_cmd='printf %s\n'
lt_cv_shlibpath_overrides_runpath=no
lt_cv_sys_global_symbol_pipe='sed -n -e '\''s/^.*[	 ]\([ABCDGIRSTW][ABCDGIRSTW]*\)[	 ][	 ]*\([_A-Za-z][_A-Za-z0-9]*\)$/\1 \2 \2/p'\'' | sed '\''/ __gnu_lto/d'\'''
lt_cv_sys_global_symbol_to_c_name_address='sed -n -e '\''s/^: \([^ ]*\)[ ]*$/  {\"\1\", (void *) 0},/p'\'' -e '\''s/^[ABCDGIRSTW]* \([^ ]*\) \([^ ]*\)$/  {"\2", (void *) \&\2},/p'\'''
lt_cv_sys_global_symbol_to_c_name_address_lib_prefix='sed -n -e '\''s/^: \([^ ]*\)[ ]*$/  {\"\1\", (void *) 0},/p'\'' -e '\''s/^[ABCDGIRSTW]* \([^ ]*\) \(lib[^ ]*\)$/  {"\2", (void *) \&\2},/p'\'' -e '\''s/^[ABCDGIRSTW]* \([^ ]*\) \([^ ]*\)$/  {"lib\2", (void *) \&\2},/p'\'''
lt_cv_sys_global_symbol_to_cdecl='sed -n -e '\''s/^T .* \(.*\)$/extern int \1();/p'\'' -e '\''s/^[ABCDGIRSTW]* .* \(.*\)$/extern char \1;/p'\'''
lt_cv_sys_max_cmd_len=1572864
lt_cv_to_host_file_cmd=func_convert_file_noop
lt_cv_to_tool_file_cmd=func_convert_file_noop
pkg_cv_GTK_CFLAGS='-pthread -I/usr/include/gtk-3.0 -I/usr/include/atk-1.0 -I/usr/include/at-spi2-atk/2.0 -I/usr/include/pango-1.0 -I/usr/include/gio-unix-2.0/ -I/usr/include/cairo -I/usr/include/gdk-pixbuf-2.0 -I/usr/include/glib-2.0 -I/usr/lib/x86_64-linux-gnu/glib-2.0/include -I/usr/include/harfbuzz -I/usr/include/freetype2 -I/usr/include/pixman-1 -I/usr/include/libpng12  '
pkg_cv_GTK_LIBS='-lgtk-3 -lgdk-3 -latk-1.0 -lgio-2.0 -lpangocairo-1.0 -lgdk_pixbuf-2.0 -lcairo-gobject -lpango-1.0 -lcairo -lgobject-2.0 -lglib-2.0  '

## ----------------- ##
## Output variables. ##
## ----------------- ##










		$(INSTALL_DATA) $^ "$(DESTDIR)$(gsettingsschemadir)"; \
		test -n "$(GSETTINGS_DISABLE_SCHEMAS_COMPILE)$(DESTDIR)" || $(GLIB_COMPILE_SCHEMAS) $(gsettingsschemadir); \
		test -z "$(gsettingsschemadir)" || $(MKDIR_P) "$(DESTDIR)$(gsettingsschemadir)"; \
	$(AM_V_GEN) glib-mkenums --comments '\''<!-- @comment@ -->'\'' --fhead "<schemalist>" --vhead "  <@type@ id='\''$(gsettings_ENUM_NAMESPACE).@EnumName@'\''>" --vprod "    <value nick='\''@valuenick@'\'' value='\''@valuenum@'\''/>" --vtail "  </@type@>" --ftail "</schemalist>" $^ > $@.tmp && mv $@.tmp $@
	$(AM_V_GEN) if test -f "$<"; then d=; else d="$(srcdir)/"; fi; $(GLIB_COMPILE_SCHEMAS) --strict --dry-run $(addprefix --schema-file=,$(gsettings__enum_file)) --schema-file=$${d}$< && touch $@
	@$(NORMAL_INSTALL)
	@$(NORMAL_UNINSTALL)
	@list='\''$(gsettings_SCHEMAS) $(gsettings__enum_file)'\''; test -n "$(gsettingsschemadir)" || list=; \
	cd "$(DESTDIR)$(gsettingsschemadir)" && rm -f $$files
	echo " ( cd '\''$(DESTDIR)$(gsettingsschemadir)'\'' && rm -f" $$files ")"; \
	fi
	files=`for p in $$list; do echo $$p; done | sed -e '\''s|^.*/||'\''`; \
	if test -n "$^"; then \
	rm -f $(gsettings_SCHEMAS:.xml=.valid) $(gsettings__enum_file)
	test -n "$$files" || exit 0; \
	test -n "$(GSETTINGS_DISABLE_SCHEMAS_COMPILE)$(DESTDIR)" || $(GLIB_COMPILE_SCHEMAS) $(gsettingsschemadir)
$(gsettings__enum_file): $(gsettings_ENUM_FILES)
%.gschema.valid: %.gschema.xml $(gsettings__enum_file)
.PHONY : uninstall-gsettings-schemas install-gsettings-schemas clean-gsettings-schemas
.SECONDARY: $(gsettings_SCHEMAS)
ACLOCAL='${SHELL} /home/nirvanan/codefox/build-aux/missing --run aclocal-1.11'
ALL_LINGUAS=''
AMDEPBACKSLASH='\'
AMDEP_FALSE='#'
AMDEP_TRUE=''
AMTAR='$${TAR-tar}'
AM_BACKSLASH='\'
AM_DEFAULT_V='$(AM_DEFAULT_VERBOSITY)'
AM_DEFAULT_VERBOSITY='0'
AM_V='$(V)'
AR='ar'
AS='as'
AUTOCONF='${SHELL} /home/nirvanan/codefox/build-aux/missing --run autoconf'
AUTOHEADER='${SHELL} /home/nirvanan/codefox/build-aux/missing --run autoheader'
AUTOMAKE='${SHELL} /home/nirvanan/codefox/build-aux/missing --run automake-1.11'
AWK='mawk'
CC='gcc'
CCDEPMODE='depmode=gcc3'
CFLAGS='-g -O2'
CPP='gcc -E'
CPPFLAGS=''
CXX='g++'
CXXCPP='g++ -E'
CXXDEPMODE='depmode=gcc3'
CXXFLAGS='-g -O2'
CYGPATH_W='echo'
DATADIRNAME='share'
DEFS='-DHAVE_CONFIG_H'
DEPDIR='.deps'
DLLTOOL='false'
DSYMUTIL=''
DUMPBIN=''
ECHO_C=''
ECHO_N='-n'
ECHO_T=''
EGREP='/bin/grep -E'
EXEEXT=''
FGREP='/bin/grep -F'
GETTEXT_MACRO_VERSION='0.17'
GETTEXT_PACKAGE='codefox'
GLIB_COMPILE_SCHEMAS='/usr/lib/x86_64-linux-gnu/glib-2.0/glib-compile-schemas'
GLIB_MKENUMS='/usr/bin/glib-mkenums'
GMSGFMT='/usr/bin/msgfmt'
GMSGFMT_015='/usr/bin/msgfmt'
GREP='/bin/grep'
GSETTINGS_DISABLE_SCHEMAS_COMPILE=''
GSETTINGS_RULES='
GTK_CFLAGS='-pthread -I/usr/include/gtk-3.0 -I/usr/include/atk-1.0 -I/usr/include/at-spi2-atk/2.0 -I/usr/include/pango-1.0 -I/usr/include/gio-unix-2.0/ -I/usr/include/cairo -I/usr/include/gdk-pixbuf-2.0 -I/usr/include/glib-2.0 -I/usr/lib/x86_64-linux-gnu/glib-2.0/include -I/usr/include/harfbuzz -I/usr/include/freetype2 -I/usr/include/pixman-1 -I/usr/include/libpng12  '
GTK_LIBS='-lgtk-3 -lgdk-3 -latk-1.0 -lgio-2.0 -lpangocairo-1.0 -lgdk_pixbuf-2.0 -lcairo-gobject -lpango-1.0 -lcairo -lgobject-2.0 -lglib-2.0  '
INSTALL_DATA='${INSTALL} -m 644'
INSTALL_PROGRAM='${INSTALL}'
INSTALL_SCRIPT='${INSTALL}'
INSTALL_STRIP_PROGRAM='$(install_sh) -c -s'
INTLLIBS=''
INTLTOOL_CAVES_RULE='%.caves:     %.caves.in     $(INTLTOOL_MERGE) $(wildcard $(top_srcdir)/po/*.po) ; $(INTLTOOL_V_MERGE)LC_ALL=C $(INTLTOOL_MERGE) $(INTLTOOL_V_MERGE_OPTIONS) -d -u -c $(top_builddir)/po/.intltool-merge-cache $(top_srcdir)/po $< $@'
INTLTOOL_DESKTOP_RULE='%.desktop:   %.desktop.in   $(INTLTOOL_MERGE) $(wildcard $(top_srcdir)/po/*.po) ; $(INTLTOOL_V_MERGE)LC_ALL=C $(INTLTOOL_MERGE) $(INTLTOOL_V_MERGE_OPTIONS) -d -u -c $(top_builddir)/po/.intltool-merge-cache $(top_srcdir)/po $< $@'
INTLTOOL_DIRECTORY_RULE='%.directory: %.directory.in $(INTLTOOL_MERGE) $(wildcard $(top_srcdir)/po/*.po) ; $(INTLTOOL_V_MERGE)LC_ALL=C $(INTLTOOL_MERGE) $(INTLTOOL_V_MERGE_OPTIONS) -d -u -c $(top_builddir)/po/.intltool-merge-cache $(top_srcdir)/po $< $@'
INTLTOOL_EXTRACT='/usr/bin/intltool-extract'
INTLTOOL_KBD_RULE='%.kbd:       %.kbd.in       $(INTLTOOL_MERGE) $(wildcard $(top_srcdir)/po/*.po) ; $(INTLTOOL_V_MERGE)LC_ALL=C $(INTLTOOL_MERGE) $(INTLTOOL_V_MERGE_OPTIONS) -x -u -m -c $(top_builddir)/po/.intltool-merge-cache $(top_srcdir)/po $< $@'
INTLTOOL_KEYS_RULE='%.keys:      %.keys.in      $(INTLTOOL_MERGE) $(wildcard $(top_srcdir)/po/*.po) ; $(INTLTOOL_V_MERGE)LC_ALL=C $(INTLTOOL_MERGE) $(INTLTOOL_V_MERGE_OPTIONS) -k -u -c $(top_builddir)/po/.intltool-merge-cache $(top_srcdir)/po $< $@'
INTLTOOL_MERGE='/usr/bin/intltool-merge'
INTLTOOL_OAF_RULE='%.oaf:       %.oaf.in       $(INTLTOOL_MERGE) $(wildcard $(top_srcdir)/po/*.po) ; $(INTLTOOL_V_MERGE)LC_ALL=C $(INTLTOOL_MERGE) $(INTLTOOL_V_MERGE_OPTIONS) -o -p $(top_srcdir)/po $< $@'
INTLTOOL_PERL='/usr/bin/perl'
INTLTOOL_POLICY_RULE='%.policy:    %.policy.in    $(INTLTOOL_MERGE) $(wildcard $(top_srcdir)/po/*.po) ; $(INTLTOOL_V_MERGE)LC_ALL=C $(INTLTOOL_MERGE) $(INTLTOOL_V_MERGE_OPTIONS) -x -u -c $(top_builddir)/po/.intltool-merge-cache $(top_srcdir)/po $< $@'
INTLTOOL_PONG_RULE='%.pong:      %.pong.in      $(INTLTOOL_MERGE) $(wildcard $(top_srcdir)/po/*.po) ; $(INTLTOOL_V_MERGE)LC_ALL=C $(INTLTOOL_MERGE) $(INTLTOOL_V_MERGE_OPTIONS) -x -u -c $(top_builddir)/po/.intltool-merge-cache $(top_srcdir)/po $< $@'
INTLTOOL_PROP_RULE='%.prop:      %.prop.in      $(INTLTOOL_MERGE) $(wildcard $(top_srcdir)/po/*.po) ; $(INTLTOOL_V_MERGE)LC_ALL=C $(INTLTOOL_MERGE) $(INTLTOOL_V_MERGE_OPTIONS) -d -u -c $(top_builddir)/po/.intltool-merge-cache $(top_srcdir)/po $< $@'
INTLTOOL_SCHEMAS_RULE='%.schemas:   %.schemas.in   $(INTLTOOL_MERGE) $(wildcard $(top_srcdir)/po/*.po) ; $(INTLTOOL_V_MERGE)LC_ALL=C $(INTLTOOL_MERGE) $(INTLTOOL_V_MERGE_OPTIONS) -s -u -c $(top_builddir)/po/.intltool-merge-cache $(top_srcdir)/po $< $@'
INTLTOOL_SERVER_RULE='%.server:    %.server.in    $(INTLTOOL_MERGE) $(wildcard $(top_srcdir)/po/*.po) ; $(INTLTOOL_V_MERGE)LC_ALL=C $(INTLTOOL_MERGE) $(INTLTOOL_V_MERGE_OPTIONS) -o -u -c $(top_builddir)/po/.intltool-merge-cache $(top_srcdir)/po $< $@'
INTLTOOL_SERVICE_RULE='%.service: %.service.in   $(INTLTOOL_MERGE) $(wildcard $(top_srcdir)/po/*.po) ; $(INTLTOOL_V_MERGE)LC_ALL=C $(INTLTOOL_MERGE) $(INTLTOOL_V_MERGE_OPTIONS) -d -u -c $(top_builddir)/po/.intltool-merge-cache $(top_srcdir)/po $< $@'
INTLTOOL_SHEET_RULE='%.sheet:     %.sheet.in     $(INTLTOOL_MERGE) $(wildcard $(top_srcdir)/po/*.po) ; $(INTLTOOL_V_MERGE)LC_ALL=C $(INTLTOOL_MERGE) $(INTLTOOL_V_MERGE_OPTIONS) -x -u -c $(top_builddir)/po/.intltool-merge-cache $(top_srcdir)/po $< $@'
INTLTOOL_SOUNDLIST_RULE='%.soundlist: %.soundlist.in $(INTLTOOL_MERGE) $(wildcard $(top_srcdir)/po/*.po) ; $(INTLTOOL_V_MERGE)LC_ALL=C $(INTLTOOL_MERGE) $(INTLTOOL_V_MERGE_OPTIONS) -d -u -c $(top_builddir)/po/.intltool-merge-cache $(top_srcdir)/po $< $@'
INTLTOOL_THEME_RULE='%.theme:     %.theme.in     $(INTLTOOL_MERGE) $(wildcard $(top_srcdir)/po/*.po) ; $(INTLTOOL_V_MERGE)LC_ALL=C $(INTLTOOL_MERGE) $(INTLTOOL_V_MERGE_OPTIONS) -d -u -c $(top_builddir)/po/.intltool-merge-cache $(top_srcdir)/po $< $@'
INTLTOOL_UI_RULE='%.ui:        %.ui.in        $(INTLTOOL_MERGE) $(wildcard $(top_srcdir)/po/*.po) ; $(INTLTOOL_V_MERGE)LC_ALL=C $(INTLTOOL_MERGE) $(INTLTOOL_V_MERGE_OPTIONS) -x -u -c $(top_builddir)/po/.intltool-merge-cache $(top_srcdir)/po $< $@'
INTLTOOL_UPDATE='/usr/bin/intltool-update'
INTLTOOL_V_MERGE='$(INTLTOOL__v_MERGE_$(V))'
INTLTOOL_V_MERGE_OPTIONS='$(intltool__v_merge_options_$(V))'
INTLTOOL_XAM_RULE='%.xam:       %.xml.in       $(INTLTOOL_MERGE) $(wildcard $(top_srcdir)/po/*.po) ; $(INTLTOOL_V_MERGE)LC_ALL=C $(INTLTOOL_MERGE) $(INTLTOOL_V_MERGE_OPTIONS) -x -u -c $(top_builddir)/po/.intltool-merge-cache $(top_srcdir)/po $< $@'
INTLTOOL_XML_NOMERGE_RULE='%.xml:       %.xml.in       $(INTLTOOL_MERGE) ; $(INTLTOOL_V_MERGE)LC_ALL=C $(INTLTOOL_MERGE) $(INTLTOOL_V_MERGE_OPTIONS) -x -u --no-translations $< $@'
INTLTOOL_XML_RULE='%.xml:       %.xml.in       $(INTLTOOL_MERGE) $(wildcard $(top_srcdir)/po/*.po) ; $(INTLTOOL_V_MERGE)LC_ALL=C $(INTLTOOL_MERGE) $(INTLTOOL_V_MERGE_OPTIONS) -x -u -c $(top_builddir)/po/.intltool-merge-cache $(top_srcdir)/po $< $@'
INTLTOOL__v_MERGE_0='@echo "  ITMRG " $@;'
INTLTOOL__v_MERGE_='$(INTLTOOL__v_MERGE_$(AM_DEFAULT_VERBOSITY))'
INTL_MACOSX_LIBS=''
LD='/usr/bin/ld -m elf_x86_64'
LDFLAGS=''
LIBICONV='-liconv'
LIBINTL=''
LIBOBJS=''
LIBS=''
LIBTOOL='$(SHELL) $(top_builddir)/libtool'
LIPO=''
LN_S='ln -s'
LTLIBICONV='-liconv'
LTLIBINTL=''
LTLIBOBJS=''
MAINT=''
MAINTAINER_MODE_FALSE='#'
MAINTAINER_MODE_TRUE=''
MAKEINFO='${SHELL} /home/nirvanan/codefox/build-aux/missing --run makeinfo'
MANIFEST_TOOL=':'
MKDIR_P='/bin/mkdir -p'
MSGFMT='/usr/bin/msgfmt'
MSGFMT_015='/usr/bin/msgfmt'
MSGMERGE='/usr/bin/msgmerge'
NM='/usr/bin/nm -B'
NMEDIT=''
OBJDUMP='objdump'
OBJEXT='o'
OTOOL64=''
OTOOL=''
PACKAGE='codefox'
PACKAGE_BUGREPORT='nirvanan@live.cn'
PACKAGE_NAME='Codefox'
PACKAGE_STRING='Codefox 0.02'
PACKAGE_TARNAME='codefox'
PACKAGE_URL=''
PACKAGE_VERSION='0.02'
PATH_SEPARATOR=':'
PKG_CONFIG='/usr/bin/pkg-config'
PKG_CONFIG_LIBDIR=''
PKG_CONFIG_PATH=''
POSUB='po'
RANLIB='ranlib'
SED='/bin/sed'
SET_MAKE=''
SHELL='/bin/bash'
STRIP='strip'
USE_NLS='yes'
VERSION='0.02'
WARN_CFLAGS='-Wall -Wmissing-prototypes -Wnested-externs -Wpointer-arith -Wno-sign-compare '
XGETTEXT='/usr/bin/xgettext'
XGETTEXT_015='/usr/bin/xgettext'
XGETTEXT_EXTRA_OPTIONS=''
ac_ct_AR='ar'
ac_ct_CC='gcc'
ac_ct_CXX='g++'
ac_ct_DUMPBIN=''
all-am: $(gsettings_SCHEMAS:.xml=.valid)
am__EXEEXT_FALSE=''
am__EXEEXT_TRUE='#'
am__fastdepCC_FALSE='#'
am__fastdepCC_TRUE=''
am__fastdepCXX_FALSE='#'
am__fastdepCXX_TRUE=''
am__include='include'
am__isrc=''
am__leading_dot='.'
am__nodep='_no'
am__quote=''
am__tar='tar --format=ustar -chf - "$$tardir"'
am__untar='tar -xf -'
bindir='${exec_prefix}/bin'
build='x86_64-unknown-linux-gnu'
build_alias=''
build_cpu='x86_64'
build_os='linux-gnu'
build_vendor='unknown'
clean-gsettings-schemas:
datadir='${datarootdir}'
datarootdir='${prefix}/share'
docdir='${datarootdir}/doc/${PACKAGE_TARNAME}'
dvidir='${docdir}'
endif'
exec_prefix='${prefix}'
gsettings__enum_file = $(addsuffix .enums.xml,$(gsettings_ENUM_NAMESPACE))
gsettingsschemadir='${datarootdir}/glib-2.0/schemas'
host='x86_64-unknown-linux-gnu'
host_alias=''
host_cpu='x86_64'
host_os='linux-gnu'
host_vendor='unknown'
htmldir='${docdir}'
ifdef gsettings_ENUM_NAMESPACE
includedir='${prefix}/include'
infodir='${datarootdir}/info'
install-data-am: install-gsettings-schemas
install-gsettings-schemas: $(gsettings_SCHEMAS) $(gsettings__enum_file)
install_sh='${SHELL} /home/nirvanan/codefox/build-aux/install-sh'
intltool__v_merge_options_0='-q'
intltool__v_merge_options_='$(intltool__v_merge_options_$(AM_DEFAULT_VERBOSITY))'
libdir='${exec_prefix}/lib'
libexecdir='${exec_prefix}/libexec'
localedir='${datarootdir}/locale'
localstatedir='${prefix}/var'
mandir='${datarootdir}/man'
mkdir_p='/bin/mkdir -p'
mostlyclean-am: clean-gsettings-schemas
oldincludedir='/usr/include'
pdfdir='${docdir}'
prefix='/usr/local'
program_transform_name='s,x,x,'
psdir='${docdir}'
sbindir='${exec_prefix}/sbin'
sharedstatedir='${prefix}/com'
sysconfdir='${prefix}/etc'
target_alias=''
uninstall-am: uninstall-gsettings-schemas
uninstall-gsettings-schemas:

## ----------- ##
## confdefs.h. ##
## ----------- ##

/* confdefs.h */
#define PACKAGE_NAME "Codefox"
#define PACKAGE_TARNAME "codefox"
#define PACKAGE_VERSION "0.02"
#define PACKAGE_STRING "Codefox 0.02"
#define PACKAGE_BUGREPORT "nirvanan@live.cn"
#define PACKAGE_URL ""
#define ENABLE_BINRELOC /**/
#define STDC_HEADERS 1
#define HAVE_SYS_TYPES_H 1
#define HAVE_SYS_STAT_H 1
#define HAVE_STDLIB_H 1
#define HAVE_STRING_H 1
#define HAVE_MEMORY_H 1
#define HAVE_STRINGS_H 1
#define HAVE_INTTYPES_H 1
#define HAVE_STDINT_H 1
#define HAVE_UNISTD_H 1
#define HAVE_DLFCN_H 1
#define LT_OBJDIR ".libs/"
#define HAVE_STDLIB_H 1
#define HAVE_STRING_H 1
#define HAVE_UNISTD_H 1
#define HAVE_TIME_H 1
#define ENABLE_NLS 1
#define HAVE_GETTEXT 1
#define HAVE_DCGETTEXT 1
#define GETTEXT_PACKAGE "codefox"
#define HAVE_FORK 1
#define HAVE_VFORK 1
#define HAVE_WORKING_VFORK 1
#define HAVE_WORKING_FORK 1
#define HAVE_DUP2 1

configure: exit 0

## ---------------------- ##
## Running config.status. ##
## ---------------------- ##

This file was extended by Codefox config.status 0.02, which was
generated by GNU Autoconf 2.69.  Invocation command line was

  CONFIG_FILES    = po/Makefile.in
  CONFIG_HEADERS  = 
  CONFIG_LINKS    = 
  CONFIG_COMMANDS = 
  $ ./config.status 

on nirvanan-MS-7758

config.status:1305: creating po/Makefile.in
config.status:1534: executing depfiles commands
config.status:1534: executing libtool commands
config.status:1534: executing po-directories commands
config.status:1534: executing po/stamp-it commands

## ---------------------- ##
## Running config.status. ##
## ---------------------- ##

This file was extended by Codefox config.status 0.02, which was
generated by GNU Autoconf 2.69.  Invocation command line was

  CONFIG_FILES    = 
  CONFIG_HEADERS  = 
  CONFIG_LINKS    = 
  CONFIG_COMMANDS = 
  $ ./config.status template/codefox.ui

on nirvanan-MS-7758

config.status:1305: creating template/codefox.ui
